{
  "RSpec": {
    "coverage": {
      "/home/developer/Desktop/E-commerce/spec/models/user_spec.rb": [
        1,
        null,
        1,
        1,
        null,
        null,
        null,
        null,
        null,
        null,
        null,
        null,
        null,
        1,
        1,
        1,
        0,
        null,
        null,
        null,
        null,
        null
      ],
      "/home/developer/Desktop/E-commerce/spec/rails_helper.rb": [
        null,
        1,
        1,
        1,
        1,
        null,
        1,
        1,
        1,
        null,
        null,
        null,
        null,
        null,
        null,
        null,
        null,
        null,
        null,
        null,
        null,
        null,
        null,
        null,
        null,
        null,
        null,
        null,
        null,
        null,
        null,
        1,
        null,
        0,
        null,
        1,
        null,
        1,
        null,
        null,
        null,
        null,
        1,
        null,
        null,
        null,
        null,
        null,
        null,
        null,
        null,
        null,
        null,
        null,
        null,
        null,
        null,
        null,
        null,
        null,
        1,
        null,
        null,
        1,
        null,
        null,
        1,
        1,
        1,
        1,
        null,
        null,
        null
      ],
      "/home/developer/Desktop/E-commerce/config/environment.rb": [
        null,
        1,
        null,
        null,
        1
      ],
      "/home/developer/Desktop/E-commerce/config/application.rb": [
        1,
        null,
        1,
        null,
        null,
        null,
        1,
        null,
        null,
        null,
        1,
        1,
        null,
        1,
        null,
        null,
        null,
        null,
        null,
        null,
        null,
        null,
        null,
        null,
        null,
        null,
        null,
        1,
        null,
        null
      ],
      "/home/developer/Desktop/E-commerce/config/boot.rb": [
        1,
        null,
        1,
        1
      ],
      "/home/developer/Desktop/E-commerce/config/environments/test.rb": [
        1,
        null,
        null,
        null,
        null,
        null,
        null,
        1,
        null,
        null,
        null,
        1,
        null,
        null,
        null,
        null,
        1,
        null,
        null,
        1,
        1,
        null,
        null,
        null,
        null,
        1,
        1,
        1,
        null,
        null,
        1,
        null,
        null,
        1,
        null,
        null,
        1,
        null,
        1,
        null,
        null,
        null,
        null,
        1,
        null,
        null,
        1,
        null,
        null,
        1,
        null,
        null,
        1,
        null,
        null,
        null,
        null,
        null,
        null,
        null,
        1,
        null
      ],
      "/home/developer/Desktop/E-commerce/config/initializers/cors.rb": [
        null,
        null,
        null,
        null,
        null,
        null,
        null,
        null,
        null,
        null,
        null,
        null,
        null,
        null,
        null,
        null
      ],
      "/home/developer/Desktop/E-commerce/config/initializers/filter_parameter_logging.rb": [
        null,
        null,
        null,
        null,
        null,
        1,
        null,
        null
      ],
      "/home/developer/Desktop/E-commerce/config/initializers/inflections.rb": [
        null,
        null,
        null,
        null,
        null,
        null,
        null,
        null,
        null,
        null,
        null,
        null,
        null,
        null,
        null,
        null
      ],
      "/home/developer/Desktop/E-commerce/config/routes.rb": [
        1,
        null,
        1,
        1,
        1,
        null,
        1,
        1,
        1,
        1,
        1,
        null,
        null,
        null,
        null
      ],
      "/home/developer/Desktop/E-commerce/spec/factories/users.rb": [
        1,
        1,
        2,
        2,
        2,
        2,
        2,
        2,
        2,
        null,
        null
      ],
      "/home/developer/Desktop/E-commerce/app/models/user.rb": [
        1,
        1,
        null,
        1,
        1,
        1,
        1,
        null,
        1,
        null,
        1,
        null,
        1,
        1,
        null,
        1,
        null,
        1,
        1,
        null,
        1,
        1,
        null,
        1,
        null,
        1,
        0,
        null,
        null,
        1,
        0,
        null,
        null
      ],
      "/home/developer/Desktop/E-commerce/app/models/application_record.rb": [
        1,
        1,
        null
      ]
    },
    "timestamp": 1675942324
  }
}
